


ARM Macro Assembler    Page 1 


    1 00000000         ;
    2 00000000         ; CS1021 2018/2019 Lab 4
    3 00000000         ; 
    4 00000000         
    5 00000000                 AREA             RESET, CODE, READONLY
    6 00000000                 ENTRY
    7 00000000         
    8 00000000         ;
    9 00000000         ; Q1   or EOR    ; 8 EOR 8 -> 4 EOR 4 -> ..
   10 00000000         ;    1110 -> 11 EOR 10 -> 01 ->1 *ODD
   11 00000000         ;    1111 -> 11 EOR 11 -> 00 ->0 *EVEN
   12 00000000         ;
   13 00000000         ;    1011 1011 1101 1101
   14 00000000         ;      EOR  0000 0000 | 1101    11   0   1  * LSR #(8/n)
                       
   15 00000000         ;    1011 1011   0010  | 00   1   0  * First half is unc
                       hanged
   16 00000000         ;    1011 1011   0010 00 | 1   0
   17 00000000         ;    1011 1011   0010 00  0 | 1
   18 00000000         ;    AND   #1
   19 00000000         
   20 00000000         
   21 00000000         ;  MOV R1, #42
   22 00000000         ;  MOV R0, #0
   23 00000000         ;  
   24 00000000         ;LOOP CMP R1,#0
   25 00000000         ;  BLS OE
   26 00000000         ;  MOVS R1,R1, LSL #1  
   27 00000000         ;  ADC R0,R0,#0
   28 00000000         ;  B LOOP
   29 00000000         
   30 00000000         ;OE   AND R0,R0,#1
   31 00000000         ;  CMP R0,#1
   32 00000000         
   33 00000000         ;
   34 00000000         ; Q2
   35 00000000         ;
   36 00000000         
   37 00000000 E3A0000F        MOV              R0,#15      ; R0 = N
   38 00000004 E3A01004        MOV              R1,#4       ; R1 = D
   39 00000008 E3A03000        MOV              R3,#0       ; R3 = NO.BITS
   40 0000000C E3A04001        MOV              R4,#1       ; 1:(1) ; 10,11:(2)
                                                             ; 100,101,110,111:
                                                            (4)...(8)...(16)...
                                                            
   41 00000010 E3A05002        MOV              R5,#2       ; NO.BITS is determ
                                                            ined by 2^(NO.BITS-
                                                            1)
   42 00000014         
   43 00000014 E1500004 
                       BITS    CMP              R0,R4       ; N >= 2^(NO.BITS-1
                                                            )
   44 00000018 3A000002        BLO              INIT
   45 0000001C E2833001        ADD              R3,R3,#1    ; NO.BITS increases
                                                             by 1
   46 00000020 E0040495        MUL              R4,R5,R4    ; R4 = 2 ^ (NO.BITS
                                                             - 1)
   47 00000024 EAFFFFFA        B                BITS
   48 00000028         



ARM Macro Assembler    Page 2 


   49 00000028 E3A04000 
                       INIT    MOV              R4,#0       ; R4 = remainder *t
                                                            emp
   50 0000002C E3A05000        MOV              R5,#0       ; R5 = quotient *te
                                                            mp
   51 00000030 E3A06001        MOV              R6,#1       ; Used for logic op
                                                            erations
   52 00000034 E2637020        RSB              R7,R3,#32
   53 00000038 E1A00003        MOV              R0,R3
   54 0000003C         
   55 0000003C E3530000 
                       FOR     CMP              R3,#0
   56 00000040 0A000008        BEQ              END22
   57 00000044 E2433001        SUB              R3,R3,#1
   58 00000048 E1A04084        MOV              R4,R4,LSL#1
   59 0000004C E1B03083        MOVS             R3,R3,LSL#1
   60 00000050 E2A44000        ADC              R4,R4,#0
   61 00000054 E1540001        CMP              R4,R1
   62 00000058 3AFFFFF7        BLO              FOR
   63 0000005C E0444001        SUB              R4,R4,R1
   64 00000060 E0055316        AND              R5,R5,R6,LSL R3
   65 00000064 EAFFFFF4        B                FOR
   66 00000068         
   67 00000068         
   68 00000068         END22
   69 00000068         
   70 00000068 EAFFFFFE 
                       L       B                L           ; infinite loop to 
                                                            end
   71 0000006C         
   72 0000006C                 END
Command Line: --debug --xref --diag_suppress=9931 --apcs=interwork --depend=.\o
bjects\lab4.d -o.\objects\lab4.o -IC:\Keil_v5\ARM\RV31\INC -IC:\Keil_v5\ARM\CMS
IS\Include -IC:\Keil_v5\ARM\Inc\Philips --predefine="__EVAL SETA 1" --predefine
="__UVISION_VERSION SETA 516" --list=.\listings\lab4.lst lab4.s



ARM Macro Assembler    Page 1 Alphabetic symbol ordering
Relocatable symbols

BITS 00000014

Symbol: BITS
   Definitions
      At line 43 in file lab4.s
   Uses
      At line 47 in file lab4.s
Comment: BITS used once
END22 00000068

Symbol: END22
   Definitions
      At line 68 in file lab4.s
   Uses
      At line 56 in file lab4.s
Comment: END22 used once
FOR 0000003C

Symbol: FOR
   Definitions
      At line 55 in file lab4.s
   Uses
      At line 62 in file lab4.s
      At line 65 in file lab4.s

INIT 00000028

Symbol: INIT
   Definitions
      At line 49 in file lab4.s
   Uses
      At line 44 in file lab4.s
Comment: INIT used once
L 00000068

Symbol: L
   Definitions
      At line 70 in file lab4.s
   Uses
      At line 70 in file lab4.s
Comment: L used once
RESET 00000000

Symbol: RESET
   Definitions
      At line 5 in file lab4.s
   Uses
      None
Comment: RESET unused
6 symbols
338 symbols in table
