


ARM Macro Assembler    Page 1 


    1 00000000         ;
    2 00000000         ; CS1021 2018/2019 Lab 2
    3 00000000         ; 
    4 00000000         
    5 00000000         
    6 00000000                 AREA             RESET, CODE, READONLY
    7 00000000                 ENTRY
    8 00000000         
    9 00000000         ;
   10 00000000         ; add your code for Q1 here
   11 00000000         ;
   12 00000000 E3A02020        MOV              R2, #32     ; Counter: n = 32
   13 00000004 E3A01000        MOV              R1, #0      ; n(1) = 0  
   14 00000008 E3A03001        MOV              R3, #1      ; n(2) = 1
   15 0000000C         
   16 0000000C E3520001 
                       LOOP1   CMP              R2, #1
   17 00000010 0A000004        BEQ              END1
   18 00000014 E0810003        ADD              R0,R1,R3    ;
   19 00000018 E1A01003        MOV              R1,R3       ; R1(n) = R3(n+1) 
   20 0000001C E1A03000        MOV              R3,R0
   21 00000020 E2422001        SUB              R2,R2, #1   ; 
   22 00000024 EAFFFFF8        B                LOOP1
   23 00000028         
   24 00000028         
   25 00000028         END1
   26 00000028         
   27 00000028         ;
   28 00000028         ; add your code for Q2 here
   29 00000028         ;
   30 00000028         
   31 00000028 E3A00000        MOV              R0,#0
   32 0000002C E3A01000        MOV              R1,#0
   33 00000030 E3A02001        MOV              R2,#1
   34 00000034         
   35 00000034 E0810002 
                       LOOP2   ADD              R0,R1,R2
   36 00000038 E1A01002        MOV              R1,R2
   37 0000003C E1A02000        MOV              R2,R0
   38 00000040 E3E03102        MOV              R3, #0x7FFFFFFF
   39 00000044 E0433000        SUB              R3,R3,R0
   40 00000048 E1530001        CMP              R3,R1
   41 0000004C 9A000000        BLS              END2
   42 00000050 EAFFFFF7        B                LOOP2
   43 00000054         
   44 00000054         
   45 00000054         
   46 00000054         END2
   47 00000054         
   48 00000054         
   49 00000054 EAFFFFFE 
                       STOP    B                STOP        ; infinite loop to 
                                                            end
   50 00000058         
   51 00000058                 END
Command Line: --debug --xref --diag_suppress=9931 --apcs=interwork --depend=.\o
bjects\lab2.d -o.\objects\lab2.o -IC:\Keil_v5\ARM\RV31\INC -IC:\Keil_v5\ARM\CMS
IS\Include -IC:\Keil_v5\ARM\Inc\Philips --predefine="__EVAL SETA 1" --predefine
="__UVISION_VERSION SETA 516" --list=.\listings\lab2.lst lab2.s



ARM Macro Assembler    Page 1 Alphabetic symbol ordering
Relocatable symbols

END1 00000028

Symbol: END1
   Definitions
      At line 25 in file lab2.s
   Uses
      At line 17 in file lab2.s
Comment: END1 used once
END2 00000054

Symbol: END2
   Definitions
      At line 46 in file lab2.s
   Uses
      At line 41 in file lab2.s
Comment: END2 used once
LOOP1 0000000C

Symbol: LOOP1
   Definitions
      At line 16 in file lab2.s
   Uses
      At line 22 in file lab2.s
Comment: LOOP1 used once
LOOP2 00000034

Symbol: LOOP2
   Definitions
      At line 35 in file lab2.s
   Uses
      At line 42 in file lab2.s
Comment: LOOP2 used once
RESET 00000000

Symbol: RESET
   Definitions
      At line 6 in file lab2.s
   Uses
      None
Comment: RESET unused
STOP 00000054

Symbol: STOP
   Definitions
      At line 49 in file lab2.s
   Uses
      At line 49 in file lab2.s
Comment: STOP used once
6 symbols
338 symbols in table
