


ARM Macro Assembler    Page 1 


    1 00000000         ;
    2 00000000         ; CS1022 Introduction to Computing II 2018/2019
    3 00000000         ; Lab 1 - Array Move
    4 00000000         ;
    5 00000000         
    6 00000000 00000009 
                       N       EQU              9           ; number of element
                                                            s
    7 00000000         
    8 00000000                 AREA             globals, DATA, READWRITE
    9 00000000         
   10 00000000         ; N word-size values
   11 00000000         
   12 00000000 00 00 00 
              00 00 00 
              00 00 00 
              00 00 00 
              00 00 00 
              00 00 00 
              00 00 00 
              00 00 00 
              00 00 00 
              00 00 00 
              00 00 00 
              00 00 00 0x40001000
                               SPACE            N*4         ; N words
   13 00000024         
   14 00000024         
   15 00000024                 AREA             RESET, CODE, READONLY
   16 00000000                 ENTRY
   17 00000000         
   18 00000000         ; for convenience, let's initialise test array [0, 1, 2,
                        ... , N-1]
   19 00000000         
   20 00000000 E59F0098        LDR              R0, =0x40001000
   21 00000004 E3A01000        LDR              R1, =0
   22 00000008 E3510009 
                       L1      CMP              R1, #N
   23 0000000C 2A000002        BHS              L2
   24 00000010 E7801101        STR              R1, [R0, R1, LSL #2]
   25 00000014 E2811001        ADD              R1, R1, #1
   26 00000018 EAFFFFFA        B                L1
   27 0000001C         L2
   28 0000001C         
   29 0000001C         ; initialise registers for your program
   30 0000001C         
   31 0000001C E59F007C        LDR              R0, =0x40001000
   32 00000020 E3A01006        LDR              R1, =6      ; target index
   33 00000024 E3A02003        LDR              R2, =3      ; destination index
                                                            
   34 00000028 E3A03009        LDR              R3, =N
   35 0000002C         
   36 0000002C         ; your program goes here
   37 0000002C         
   38 0000002C E1A04000        MOV              R4,R0       ; R4=0x40001000
   39 00000030 E0844101        ADD              R4,R4,R1,LSL #2 
                                                            ; target address
   40 00000034 E1A05000        MOV              R5,R0       ; R5=0x40001000
   41 00000038 E0855102        ADD              R5,R5,R2,LSL #2 ; destination a



ARM Macro Assembler    Page 2 


                                                            ddress
   42 0000003C E5949000        LDR              R9,[R4]     ; loads destination
                                                             element 
   43 00000040 E1510002        CMP              R1,R2       ;
   44 00000044 8A000000        BHI              FORHIGH
   45 00000048 EA000006        B                FORLOW
   46 0000004C         
   47 0000004C E1540005 
                       FORHIGH CMP              R4,R5       ; if passed destina
                                                            tion 
   48 00000050 0A000002        BEQ              HIGH
   49 00000054 E5146004        LDR              R6,[R4,#-4] ; loads item from i
                                                            -1
   50 00000058 E4046004        STR              R6,[R4],#-4 ; stores item in i,
                                                             then decrement by 
                                                            4
   51 0000005C EAFFFFFA        B                FORHIGH
   52 00000060 E5849000 
                       HIGH    STR              R9,[R4]     ; stores target ele
                                                            ment into destinati
                                                            on
   53 00000064 EA000006        B                CHECK
   54 00000068         
   55 00000068 E1540005 
                       FORLOW  CMP              R4,R5
   56 0000006C 0A000002        BEQ              LOW
   57 00000070 E5946004        LDR              R6,[R4,#4]  ; loads item from i
                                                            +1
   58 00000074 E4846004        STR              R6,[R4],#4  ; stores item in i,
                                                             then increment by 
                                                            4
   59 00000078 EAFFFFFA        B                FORLOW
   60 0000007C E5849000 
                       LOW     STR              R9,[R4]     ; stores target ele
                                                            ment into destinati
                                                            on
   61 00000080 EAFFFFFF        B                CHECK
   62 00000084         
   63 00000084         
   64 00000084         ;checks each element
   65 00000084 E3A06000 
                       CHECK   MOV              R6,#0       ;  ; COUNT = 0
   66 00000088 E1560003 
                       CHECKL  CMP              R6,R3       ; while (inArray)
   67 0000008C 8A000002        BHI              EXIT
   68 00000090 E4905004        LDR              R5,[R0],#4  ; loads target elem
                                                            ent into registry
   69 00000094 E2866001        ADD              R6,#1
   70 00000098 EAFFFFFA        B                CHECKL
   71 0000009C         EXIT
   72 0000009C         
   73 0000009C         
   74 0000009C EAFFFFFE 
                       STOP    B                STOP
   75 000000A0         
   76 000000A0                 END
              40001000 
Command Line: --debug --xref --diag_suppress=9931 --apcs=interwork --depend=.\o
bjects\lab1-array-move.d -o.\objects\lab1-array-move.o -IC:\Keil_v5\ARM\RV31\IN



ARM Macro Assembler    Page 3 


C -IC:\Keil_v5\ARM\CMSIS\Include -IC:\Keil_v5\ARM\Inc\Philips --predefine="__EV
AL SETA 1" --predefine="__UVISION_VERSION SETA 516" --list=.\listings\lab1-arra
y-move.lst lab1-array-move.s



ARM Macro Assembler    Page 1 Alphabetic symbol ordering
Relocatable symbols

 00000000

Symbol: 
   Definitions
      None
   Uses
      None
Warning:  undefinedComment:  unused
globals 00000000

Symbol: globals
   Definitions
      At line 8 in file lab1-array-move.s
   Uses
      None
Comment: globals unused
2 symbols



ARM Macro Assembler    Page 1 Alphabetic symbol ordering
Relocatable symbols

CHECK 00000084

Symbol: CHECK
   Definitions
      At line 65 in file lab1-array-move.s
   Uses
      At line 53 in file lab1-array-move.s
      At line 61 in file lab1-array-move.s

CHECKL 00000088

Symbol: CHECKL
   Definitions
      At line 66 in file lab1-array-move.s
   Uses
      At line 70 in file lab1-array-move.s
Comment: CHECKL used once
EXIT 0000009C

Symbol: EXIT
   Definitions
      At line 71 in file lab1-array-move.s
   Uses
      At line 67 in file lab1-array-move.s
Comment: EXIT used once
FORHIGH 0000004C

Symbol: FORHIGH
   Definitions
      At line 47 in file lab1-array-move.s
   Uses
      At line 44 in file lab1-array-move.s
      At line 51 in file lab1-array-move.s

FORLOW 00000068

Symbol: FORLOW
   Definitions
      At line 55 in file lab1-array-move.s
   Uses
      At line 45 in file lab1-array-move.s
      At line 59 in file lab1-array-move.s

HIGH 00000060

Symbol: HIGH
   Definitions
      At line 52 in file lab1-array-move.s
   Uses
      At line 48 in file lab1-array-move.s
Comment: HIGH used once
L1 00000008

Symbol: L1
   Definitions
      At line 22 in file lab1-array-move.s
   Uses
      At line 26 in file lab1-array-move.s
Comment: L1 used once



ARM Macro Assembler    Page 2 Alphabetic symbol ordering
Relocatable symbols

L2 0000001C

Symbol: L2
   Definitions
      At line 27 in file lab1-array-move.s
   Uses
      At line 23 in file lab1-array-move.s
Comment: L2 used once
LOW 0000007C

Symbol: LOW
   Definitions
      At line 60 in file lab1-array-move.s
   Uses
      At line 56 in file lab1-array-move.s
Comment: LOW used once
RESET 00000000

Symbol: RESET
   Definitions
      At line 15 in file lab1-array-move.s
   Uses
      None
Comment: RESET unused
STOP 0000009C

Symbol: STOP
   Definitions
      At line 74 in file lab1-array-move.s
   Uses
      At line 74 in file lab1-array-move.s
Comment: STOP used once
11 symbols



ARM Macro Assembler    Page 1 Alphabetic symbol ordering
Absolute symbols

N 00000009

Symbol: N
   Definitions
      At line 6 in file lab1-array-move.s
   Uses
      At line 12 in file lab1-array-move.s
      At line 22 in file lab1-array-move.s
      At line 34 in file lab1-array-move.s

1 symbol
348 symbols in table
