


ARM Macro Assembler    Page 1 


    1 00000000         ;
    2 00000000         ; CS1021 2018/2019 Lab 3
    3 00000000         ; 
    4 00000000         
    5 00000000                 AREA             RESET, CODE, READONLY
    6 00000000                 ENTRY
    7 00000000         
    8 00000000         ;
    9 00000000         ; add your code here
   10 00000000         ;
   11 00000000 E59F009C        LDR              R0,=0x196   ;R0 = a
   12 00000004 E59F109C        LDR              R1,=0x22B   ;R1 = b
   13 00000008         
   14 00000008 E1500001 
                       LOOP    CMP              R0,R1       ;while(a != b)
   15 0000000C 0A000005        BEQ              END1
   16 00000010 E1500001        CMP              R0,R1       ; a > b
   17 00000014 9A000001        BLS              ELSE
   18 00000018 E0400001        SUB              R0,R0,R1    ;a = a - b
   19 0000001C EA000000        B                RELOOP
   20 00000020         
   21 00000020 E0411000 
                       ELSE    SUB              R1,R1,R0    ;b = b - a
   22 00000024         
   23 00000024 EAFFFFF7 
                       RELOOP  B                LOOP
   24 00000028         
   25 00000028         
   26 00000028         END1
   27 00000028         
   28 00000028         ;
   29 00000028         ;
   30 00000028         ;
   31 00000028         
   32 00000028 E3A02000        MOV              R2,#0
   33 0000002C E3A03000        MOV              R3,#0
   34 00000030 E3A04000        MOV              R4,#0
   35 00000034 E3A05001        MOV              R5,#1
   36 00000038 E3A06040        MOV              R6,#64      ; n = 64
   37 0000003C         
   38 0000003C E3560001 
                       LOOP2   CMP              R6,#1
   39 00000040 0A000007        BEQ              END2
   40 00000044 E0931005        ADDS             R1,R3,R5
   41 00000048 E0A20004        ADC              R0,R2,R4    ; R0 = R2 + R4 + C
   42 0000004C E1A03005        MOV              R3,R5
   43 00000050 E1A05001        MOV              R5,R1
   44 00000054 E1A02004        MOV              R2,R4
   45 00000058 E1A04000        MOV              R4,R0
   46 0000005C E2466001        SUB              R6,#1
   47 00000060 EAFFFFF5        B                LOOP2
   48 00000064         
   49 00000064         ;R2R3   R4R5 R0R1
   50 00000064         ; 0:1   0:1  0:2
   51 00000064         ; 0:1   0:2  0:3
   52 00000064         ; w+x > 2^32
   53 00000064         ; 0:w   0:x  1:y
   54 00000064         ; 0:x   1:y  ?:z
   55 00000064         



ARM Macro Assembler    Page 2 


   56 00000064         END2
   57 00000064         
   58 00000064         ;
   59 00000064         ;
   60 00000064         ;
   61 00000064         
   62 00000064 E3A02000        MOV              R2,#0
   63 00000068 E3A03000        MOV              R3,#0
   64 0000006C E3A04000        MOV              R4,#0
   65 00000070 E3A05001        MOV              R5,#1
   66 00000074         
   67 00000074 E0931005 
                       LOOP3   ADDS             R1,R3,R5
   68 00000078 E0A20004        ADC              R0,R2,R4
   69 0000007C E1A03005        MOV              R3,R5
   70 00000080 E1A05001        MOV              R5,R1
   71 00000084 E1A02004        MOV              R2,R4
   72 00000088 E1A04000        MOV              R4,R0
   73 0000008C E3E06102        LDR              R6,=0x7FFFFFFF
   74 00000090 E0466000        SUB              R6,R6,R0
   75 00000094 E1560002        CMP              R6,R2
   76 00000098 BA000000        BLT              END3
   77 0000009C EAFFFFF4        B                LOOP3
   78 000000A0         
   79 000000A0         END3
   80 000000A0         
   81 000000A0 EAFFFFFE 
                       STOP    B                STOP        ; infinite loop to 
                                                            end
   82 000000A4         
   83 000000A4                 END
              00000196 
              0000022B 
Command Line: --debug --xref --diag_suppress=9931 --apcs=interwork --depend=.\o
bjects\lab3.d -o.\objects\lab3.o -IC:\Keil_v5\ARM\RV31\INC -IC:\Keil_v5\ARM\CMS
IS\Include -IC:\Keil_v5\ARM\Inc\Philips --predefine="__EVAL SETA 1" --predefine
="__UVISION_VERSION SETA 516" --list=.\listings\lab3.lst lab3.s



ARM Macro Assembler    Page 1 Alphabetic symbol ordering
Relocatable symbols

ELSE 00000020

Symbol: ELSE
   Definitions
      At line 21 in file lab3.s
   Uses
      At line 17 in file lab3.s
Comment: ELSE used once
END1 00000028

Symbol: END1
   Definitions
      At line 26 in file lab3.s
   Uses
      At line 15 in file lab3.s
Comment: END1 used once
END2 00000064

Symbol: END2
   Definitions
      At line 56 in file lab3.s
   Uses
      At line 39 in file lab3.s
Comment: END2 used once
END3 000000A0

Symbol: END3
   Definitions
      At line 79 in file lab3.s
   Uses
      At line 76 in file lab3.s
Comment: END3 used once
LOOP 00000008

Symbol: LOOP
   Definitions
      At line 14 in file lab3.s
   Uses
      At line 23 in file lab3.s
Comment: LOOP used once
LOOP2 0000003C

Symbol: LOOP2
   Definitions
      At line 38 in file lab3.s
   Uses
      At line 47 in file lab3.s
Comment: LOOP2 used once
LOOP3 00000074

Symbol: LOOP3
   Definitions
      At line 67 in file lab3.s
   Uses
      At line 77 in file lab3.s
Comment: LOOP3 used once
RELOOP 00000024

Symbol: RELOOP



ARM Macro Assembler    Page 2 Alphabetic symbol ordering
Relocatable symbols

   Definitions
      At line 23 in file lab3.s
   Uses
      At line 19 in file lab3.s
Comment: RELOOP used once
RESET 00000000

Symbol: RESET
   Definitions
      At line 5 in file lab3.s
   Uses
      None
Comment: RESET unused
STOP 000000A0

Symbol: STOP
   Definitions
      At line 81 in file lab3.s
   Uses
      At line 81 in file lab3.s
Comment: STOP used once
10 symbols
344 symbols in table
